2017-06-25 22:58:20,311 - root.file - INFO - 孤岛惊魂[国粤]被拿去豆瓣匹配
2017-06-25 23:00:38,911 - root.file - INFO - [沉睡的商人BD中英字幕1024x550版][欧美8最新科幻][66YS.CC原创]被拿去豆瓣匹配
2017-06-25 23:00:39,184 - root.file - INFO - [沉睡的商人BD中英字幕1024x550版][欧美8最新科幻][66YS.CC原创]匹配失败
2017-06-25 23:00:46,678 - root.file - INFO - 海上传奇[高清]被拿去豆瓣匹配
2017-06-25 23:00:47,418 - root.file - INFO - 海上传奇[高清]匹配成功
2017-06-25 23:37:43,944 - root.file - INFO - 开始....
2017-06-25 23:39:16,360 - root.file - INFO - 开始....
2017-06-25 23:39:17,593 - root.file - INFO - 开始线程:0
2017-06-25 23:39:17,595 - root.file - INFO - 开始线程:1
2017-06-25 23:39:17,595 - root.file - INFO - 开始线程:2
2017-06-25 23:39:17,595 - root.file - INFO - 开始线程:3
2017-06-25 23:39:17,596 - root.file - INFO - 开始线程:4
2017-06-25 23:39:17,603 - root.file - INFO - 开始线程:5
2017-06-25 23:39:17,604 - root.file - INFO - 开始线程:6
2017-06-25 23:39:17,606 - root.file - INFO - 开始线程:7
2017-06-25 23:39:17,608 - root.file - INFO - 开始线程:8
2017-06-25 23:39:17,610 - root.file - INFO - 开始线程:9
2017-06-25 23:39:17,612 - root.file - INFO - 开始线程:10
2017-06-25 23:39:17,612 - root.file - INFO - 开始线程:11
2017-06-25 23:39:17,614 - root.file - INFO - 开始线程:12
2017-06-25 23:39:17,614 - root.file - INFO - 开始线程:13
2017-06-25 23:39:17,617 - root.file - INFO - 开始线程:14
2017-06-25 23:39:17,618 - root.file - INFO - 耗时1.25734996796,抓取0条记录
2017-06-25 23:39:33,473 - root.file - ERROR - 线程7读取:http://www.66ys.tv/bd/index_10.html超时
2017-06-25 23:39:33,669 - root.file - ERROR - 线程4读取:http://www.66ys.tv/kongbupian/index_6.html超时
2017-06-25 23:39:43,237 - root.file - ERROR - 线程7读取:http://www.66ys.tv/bd/index_25.html超时
2017-06-25 23:39:44,680 - root.file - ERROR - 线程13读取:http://www.66ys.tv/gy/index_37.html超时
2017-06-25 23:40:28,904 - root.file - ERROR - 线程1读取:http://www.66ys.tv/dongzuopian/index_59.html超时
2017-06-25 23:40:28,905 - root.file - ERROR - 线程0读取:http://www.66ys.tv/xijupian/index_68.html超时
2017-06-25 23:40:34,162 - root.file - ERROR - 线程7读取:http://www.66ys.tv/bd/index_120.html超时
2017-06-25 23:40:41,572 - root.file - ERROR - 线程0读取:http://www.66ys.tv/xijupian/index_80.html超时
2017-06-25 23:40:42,829 - root.file - ERROR - 线程0读取:http://www.66ys.tv/xijupian/index_81.html超时
2017-06-25 23:40:43,707 - root.file - ERROR - 线程1读取:http://www.66ys.tv/dongzuopian/index_81.html超时
2017-06-25 23:40:58,629 - root.file - ERROR - 线程0读取:http://www.66ys.tv/xijupian/index_99.html超时
2017-06-25 23:40:59,713 - root.file - ERROR - 线程0读取:http://www.66ys.tv/xijupian/index_100.html超时
2017-06-25 23:41:00,049 - root.file - ERROR - 线程7读取:http://www.66ys.tv/bd/index_169.html超时
2017-06-25 23:41:11,598 - root.file - ERROR - 线程7读取:http://www.66ys.tv/bd/index_186.html超时
2017-06-25 23:41:19,318 - root.file - ERROR - 线程7读取:http://www.66ys.tv/bd/index_201.html超时
2017-06-25 23:41:22,051 - root.file - ERROR - 线程7读取:http://www.66ys.tv/bd/index_206.html超时
2017-06-25 23:41:30,875 - root.file - ERROR - 线程7读取:http://www.66ys.tv/bd/index_226.html超时
2017-06-25 23:41:31,898 - root.file - ERROR - 线程7读取:http://www.66ys.tv/bd/index_227.html超时
2017-06-25 23:41:35,668 - root.file - ERROR - 线程7读取:http://www.66ys.tv/bd/index_234.html超时
2017-06-25 23:41:50,651 - root.file - ERROR - 线程7读取:http://www.66ys.tv/bd/index_269.html超时
2017-06-25 23:42:03,851 - root.file - ERROR - 线程7读取:http://www.66ys.tv/bd/index_300.html超时
2017-06-25 23:42:07,332 - root.file - ERROR - 线程7读取:http://www.66ys.tv/bd/index_306.html超时
2017-06-25 23:42:13,955 - root.file - ERROR - 线程7读取:http://www.66ys.tv/bd/index_319.html超时
2017-06-25 23:42:19,113 - root.file - ERROR - 线程7读取:http://www.66ys.tv/bd/index_328.html超时
2017-06-25 23:42:25,956 - root.file - ERROR - 线程7读取:http://www.66ys.tv/bd/index_344.html超时
2017-06-25 23:42:26,979 - root.file - ERROR - 线程7读取:http://www.66ys.tv/bd/index_345.html超时
2017-06-25 23:47:51,172 - root.file - INFO - 开始....
2017-06-25 23:47:51,469 - root.file - INFO - 开始线程:0
2017-06-25 23:47:51,470 - root.file - INFO - 开始线程:1
2017-06-25 23:47:51,471 - root.file - INFO - 开始线程:2
2017-06-25 23:47:51,472 - root.file - INFO - 开始线程:3
2017-06-25 23:47:51,474 - root.file - INFO - 开始线程:4
2017-06-25 23:47:51,476 - root.file - INFO - 开始线程:5
2017-06-25 23:47:51,478 - root.file - INFO - 开始线程:6
2017-06-25 23:47:51,480 - root.file - INFO - 开始线程:7
2017-06-25 23:47:51,480 - root.file - INFO - 开始线程:8
2017-06-25 23:47:51,487 - root.file - INFO - 开始线程:9
2017-06-25 23:47:51,490 - root.file - INFO - 开始线程:10
2017-06-25 23:47:51,491 - root.file - INFO - 开始线程:11
2017-06-25 23:47:51,493 - root.file - INFO - 开始线程:12
2017-06-25 23:47:51,495 - root.file - INFO - 开始线程:13
2017-06-25 23:47:51,497 - root.file - INFO - 开始线程:14
2017-06-25 23:47:51,497 - root.file - INFO - 耗时0.323871850967,抓取0条记录
2017-06-25 23:47:59,435 - root.file - ERROR - 线程11读取:http://www.66ys.tv/dsj3/index_6.html超时
2017-06-25 23:48:00,929 - root.file - ERROR - 线程8读取:http://www.66ys.tv/3ddy/index_7.html超时
2017-06-25 23:48:08,529 - root.file - INFO - 线程8执行完毕
2017-06-25 23:48:10,357 - root.file - INFO - 线程10执行完毕
2017-06-25 23:48:12,686 - root.file - ERROR - 线程9读取:http://www.66ys.tv/dsj/index_23.html超时
2017-06-25 23:48:15,655 - root.file - INFO - 线程14执行完毕
2017-06-25 23:48:22,814 - root.file - INFO - 线程11执行完毕
2017-06-25 23:48:30,300 - root.file - INFO - 线程5执行完毕
2017-06-25 23:48:31,923 - root.file - INFO - 线程13执行完毕
2017-06-25 23:48:32,304 - root.file - INFO - 线程6执行完毕
2017-06-25 23:48:38,212 - root.file - ERROR - 线程7读取:http://www.66ys.tv/bd/index_61.html超时
2017-06-25 23:48:38,835 - root.file - INFO - 线程12执行完毕
2017-06-25 23:48:41,084 - root.file - ERROR - 线程9读取:http://www.66ys.tv/dsj/index_68.html超时
2017-06-25 23:48:46,727 - root.file - ERROR - 线程9读取:http://www.66ys.tv/dsj/index_75.html超时
2017-06-25 23:48:49,135 - root.file - INFO - 线程9执行完毕
2017-06-25 23:48:49,817 - root.file - ERROR - 线程7读取:http://www.66ys.tv/bd/index_78.html超时
2017-06-25 23:48:50,014 - root.file - INFO - 线程3执行完毕
2017-06-25 23:49:03,155 - root.file - ERROR - 线程7读取:http://www.66ys.tv/bd/index_102.html超时
2017-06-25 23:49:11,148 - root.file - INFO - 线程4执行完毕
2017-06-25 23:49:13,129 - root.file - INFO - 线程0执行完毕
2017-06-25 23:49:18,474 - root.file - INFO - 线程1执行完毕
2017-06-25 23:49:24,943 - root.file - INFO - 线程2执行完毕
2017-06-25 23:49:47,415 - root.file - ERROR - 线程7读取:http://www.66ys.tv/bd/index_183.html超时
2017-06-25 23:50:29,713 - root.file - ERROR - 线程7读取:http://www.66ys.tv/bd/index_278.html超时
2017-06-25 23:50:36,919 - root.file - ERROR - 线程7读取:http://www.66ys.tv/bd/index_291.html超时
2017-06-25 23:50:39,413 - root.file - ERROR - 线程7读取:http://www.66ys.tv/bd/index_295.html超时
2017-06-25 23:50:57,998 - root.file - ERROR - 线程7读取:http://www.66ys.tv/bd/index_334.html超时
2017-06-25 23:51:24,897 - root.file - INFO - 线程7执行完毕
